[Info  - 09:38:14.69] Reading sessions from keychain...
[Info  - 09:38:14.70] Reading sessions from keychain...
[Info  - 09:38:14.85] Getting sessions for all scopes...
[Info  - 09:38:14.88] Got 0 sessions for all scopes...
[Info  - 09:38:14.91] Getting sessions for all scopes...
[Info  - 09:38:14.92] Got 0 sessions for all scopes...
[Info  - 09:38:32.254] Getting sessions for all scopes...
[Info  - 09:38:32.254] Getting sessions for all scopes...
[Info  - 09:38:32.254] Got 0 sessions for all scopes...
[Info  - 09:38:32.255] Got 0 sessions for all scopes...
[Info  - 09:38:37.738] Getting sessions for all scopes...
[Info  - 09:38:37.738] Got 0 sessions for all scopes...
[Info  - 09:38:39.587] Logging in for the following scopes: user:email
[Trace  - 09:38:54.70] Handling Uri...
[Info  - 09:38:54.71] Exchanging code for token...
[Info  - 09:38:55.323] Token exchange success!
[Info  - 09:38:55.325] Getting user info...
[Info  - 09:38:55.785] Got account info!
[Info  - 09:38:55.785] Storing 1 sessions...
[Error  - 09:39:10.381] Setting token failed: Error: Cannot create an item in a locked collection
[Info  - 09:39:23.526] Getting sessions for all scopes...
[Info  - 09:39:23.527] Getting sessions for all scopes...
[Info  - 09:39:23.527] Got 1 sessions for all scopes...
[Info  - 09:39:23.527] Got 0 sessions for all scopes...
[Info  - 09:39:28.423] Getting sessions for all scopes...
[Info  - 09:39:28.424] Got 1 sessions for all scopes...
[Info  - 09:39:36.455] Stored 1 sessions!
[Info  - 09:39:36.455] Login success!
[Info  - 09:39:36.462] Getting sessions for all scopes...
[Info  - 09:39:36.462] Getting sessions for all scopes...
[Info  - 09:39:36.462] Got 1 sessions for all scopes...
[Info  - 09:39:36.462] Got 1 sessions for all scopes...
[Info  - 09:40:05.332] Getting sessions for all scopes...
[Info  - 09:40:05.332] Got 1 sessions for all scopes...
[Info  - 09:40:22.45] Getting sessions for all scopes...
[Info  - 09:40:22.45] Getting sessions for all scopes...
[Info  - 09:40:22.46] Got 1 sessions for all scopes...
[Info  - 09:40:22.46] Got 0 sessions for all scopes...
[Info  - 09:41:18.894] Getting sessions for all scopes...
[Info  - 09:41:18.894] Getting sessions for all scopes...
[Info  - 09:41:18.895] Got 1 sessions for all scopes...
[Info  - 09:41:18.895] Got 0 sessions for all scopes...
[Info  - 09:41:44.597] Getting sessions for all scopes...
[Info  - 09:41:44.597] Getting sessions for all scopes...
[Info  - 09:41:44.597] Got 1 sessions for all scopes...
[Info  - 09:41:44.597] Got 0 sessions for all scopes...
[Info  - 09:41:56.367] Getting sessions for all scopes...
[Info  - 09:41:56.367] Getting sessions for all scopes...
[Info  - 09:41:56.368] Got 1 sessions for all scopes...
[Info  - 09:41:56.368] Got 0 sessions for all scopes...
[Info  - 09:42:00.566] Getting sessions for all scopes...
[Info  - 09:42:00.566] Getting sessions for all scopes...
[Info  - 09:42:00.566] Got 1 sessions for all scopes...
[Info  - 09:42:00.566] Got 0 sessions for all scopes...
[Info  - 09:42:07.818] Getting sessions for all scopes...
[Info  - 09:42:07.819] Getting sessions for all scopes...
[Info  - 09:42:07.819] Got 1 sessions for all scopes...
[Info  - 09:42:07.819] Got 0 sessions for all scopes...
[Info  - 09:43:48.515] Getting sessions for all scopes...
[Info  - 09:43:48.516] Getting sessions for all scopes...
[Info  - 09:43:48.516] Got 1 sessions for all scopes...
[Info  - 09:43:48.516] Got 0 sessions for all scopes...
[Info  - 09:43:55.167] Getting sessions for all scopes...
[Info  - 09:43:55.167] Getting sessions for all scopes...
[Info  - 09:43:55.168] Got 1 sessions for all scopes...
[Info  - 09:43:55.168] Got 0 sessions for all scopes...
[Info  - 09:43:58.308] Logging out of 2ea8b79f-7379-4b64-bcea-72d63d78b68d
[Info  - 09:43:58.316] Storing 0 sessions...
[Error  - 09:44:20.997] Setting token failed: Error: Cannot create an item in a locked collection
[Error  - 09:44:24.474] Canceled: Canceled
