["INFO" - 2:53:41 pm] Extension Name: esbenp.prettier-vscode.
["INFO" - 2:53:41 pm] Extension Version: 8.1.0.
["INFO" - 4:23:45 pm] Formatting /home/purush/github/os_setup/README.md
["INFO" - 4:23:45 pm] Using ignore file (if present) at /home/purush/github/os_setup/.prettierignore
["INFO" - 4:23:45 pm] File Info:
{
  "ignored": false,
  "inferredParser": "markdown"
}
["INFO" - 4:23:45 pm] No local configuration (i.e. .prettierrc or .editorconfig) detected, falling back to VS Code configuration
["INFO" - 4:23:45 pm] Prettier Options:
{
  "arrowParens": "always",
  "bracketSpacing": true,
  "endOfLine": "lf",
  "htmlWhitespaceSensitivity": "css",
  "insertPragma": false,
  "jsxBracketSameLine": false,
  "jsxSingleQuote": false,
  "printWidth": 80,
  "proseWrap": "preserve",
  "quoteProps": "as-needed",
  "requirePragma": false,
  "semi": true,
  "singleQuote": false,
  "tabWidth": 2,
  "trailingComma": "es5",
  "useTabs": false,
  "vueIndentScriptAndStyle": false,
  "filepath": "/home/purush/github/os_setup/README.md",
  "parser": "markdown"
}
["INFO" - 4:23:45 pm] Formatting completed in 94.431283ms.
