Validating found git in: git
Using git 2.30.2 from git
> git rev-parse --git-dir
Open repository: /home/purush/github/os_setup
> git status -z -u
> git symbolic-ref --short HEAD
> git for-each-ref --format=%(refname)%00%(upstream:short)%00%(objectname)%00%(upstream:track) refs/heads/debian-desktop refs/remotes/debian-desktop
> git for-each-ref --sort -committerdate --format %(refname) %(objectname) %(*objectname)
> git remote --verbose
> git config --get commit.template
> git check-ignore -v -z --stdin
> git config --global user.email
> git config --global user.name
> git status -z -u
> git symbolic-ref --short HEAD
> git for-each-ref --format=%(refname)%00%(upstream:short)%00%(objectname)%00%(upstream:track) refs/heads/debian-desktop refs/remotes/debian-desktop
> git for-each-ref --sort -committerdate --format %(refname) %(objectname) %(*objectname)
> git remote --verbose
> git config --get commit.template
> git show -s --format=%an <%ae> [%ai] dbf5796e5da9c079ecaa764b24339efaecc959db
> git show -s --format=%H%n%aN%n%aE%n%at%n%ct%n%P%n%B -z dbf5796e5da9c079ecaa764b24339efaecc959db
> git show -s --format=%an <%ae> [%ai] 847807a723895c6b0d42770138d0885be5b09ed8
> git show -s --format=%H%n%aN%n%aE%n%at%n%ct%n%P%n%B -z 847807a723895c6b0d42770138d0885be5b09ed8
> git show --textconv :post-installation.sh
> git ls-files --stage -- /home/purush/github/os_setup/post-installation.sh
> git cat-file -s 881588e33c082779b2a10e2f62a9e6e24e71db0b
> git status -z -u
> git symbolic-ref --short HEAD
> git for-each-ref --format=%(refname)%00%(upstream:short)%00%(objectname)%00%(upstream:track) refs/heads/debian-desktop refs/remotes/debian-desktop
> git for-each-ref --sort -committerdate --format %(refname) %(objectname) %(*objectname)
> git remote --verbose
> git config --get commit.template
> git status -z -u
> git symbolic-ref --short HEAD
> git for-each-ref --format=%(refname)%00%(upstream:short)%00%(objectname)%00%(upstream:track) refs/heads/debian-desktop refs/remotes/debian-desktop
> git for-each-ref --sort -committerdate --format %(refname) %(objectname) %(*objectname)
> git remote --verbose
> git config --get commit.template
> git status -z -u
> git symbolic-ref --short HEAD
> git for-each-ref --format=%(refname)%00%(upstream:short)%00%(objectname)%00%(upstream:track) refs/heads/debian-desktop refs/remotes/debian-desktop
> git for-each-ref --sort -committerdate --format %(refname) %(objectname) %(*objectname)
> git remote --verbose
> git config --get commit.template
> git status -z -u
> git symbolic-ref --short HEAD
> git for-each-ref --format=%(refname)%00%(upstream:short)%00%(objectname)%00%(upstream:track) refs/heads/debian-desktop refs/remotes/debian-desktop
> git for-each-ref --sort -committerdate --format %(refname) %(objectname) %(*objectname)
> git remote --verbose
> git config --get commit.template
> git status -z -u
> git symbolic-ref --short HEAD
> git for-each-ref --format=%(refname)%00%(upstream:short)%00%(objectname)%00%(upstream:track) refs/heads/debian-desktop refs/remotes/debian-desktop
> git for-each-ref --sort -committerdate --format %(refname) %(objectname) %(*objectname)
> git remote --verbose
> git config --get commit.template
> git show --textconv :README.md
> git ls-files --stage -- /home/purush/github/os_setup/README.md
> git cat-file -s fc798d8f24adea2667dcbf7ad65d29f41c0d34ac
> git status -z -u
> git symbolic-ref --short HEAD
> git for-each-ref --format=%(refname)%00%(upstream:short)%00%(objectname)%00%(upstream:track) refs/heads/debian-desktop refs/remotes/debian-desktop
> git for-each-ref --sort -committerdate --format %(refname) %(objectname) %(*objectname)
> git remote --verbose
> git config --get commit.template
> git show --textconv :post-installation.sh
> git ls-files --stage -- /home/purush/github/os_setup/post-installation.sh
> git cat-file -s 881588e33c082779b2a10e2f62a9e6e24e71db0b
> git check-ignore -v -z --stdin
> git status -z -u
> git symbolic-ref --short HEAD
> git ls-files --stage -- /home/purush/github/os_setup/post-installation.sh
> git for-each-ref --format=%(refname)%00%(upstream:short)%00%(objectname)%00%(upstream:track) refs/heads/arch refs/remotes/arch
> git for-each-ref --sort -committerdate --format %(refname) %(objectname) %(*objectname)
> git remote --verbose
> git show --textconv :post-installation.sh
> git config --get commit.template
> git show --textconv :README.md
> git ls-files --stage -- /home/purush/github/os_setup/README.md
> git cat-file -s 21af21cae1588b2900eba51e35bcd5793e4fda9b
> git show --textconv :postinstallation.sh
> git ls-files --stage -- /home/purush/github/os_setup/postinstallation.sh
> git cat-file -s 5161cc6221378b4a98a7529f2914fcb050c1e3d6
> git status -z -u
> git symbolic-ref --short HEAD
> git for-each-ref --format=%(refname)%00%(upstream:short)%00%(objectname)%00%(upstream:track) refs/heads/arch refs/remotes/arch
> git for-each-ref --sort -committerdate --format %(refname) %(objectname) %(*objectname)
> git remote --verbose
> git config --get commit.template
> git show --textconv :README.md
> git ls-files --stage -- /home/purush/github/os_setup/README.md
> git cat-file -s 21af21cae1588b2900eba51e35bcd5793e4fda9b
> git show --textconv :postinstallation.sh
> git ls-files --stage -- /home/purush/github/os_setup/postinstallation.sh
> git cat-file -s 5161cc6221378b4a98a7529f2914fcb050c1e3d6
> git show --textconv :README.md
> git ls-files --stage -- /home/purush/github/os_setup/README.md
> git cat-file -s 21af21cae1588b2900eba51e35bcd5793e4fda9b
> git show --textconv :postinstallation.sh
> git ls-files --stage -- /home/purush/github/os_setup/postinstallation.sh
> git cat-file -s 5161cc6221378b4a98a7529f2914fcb050c1e3d6
> git show --textconv :README.md
> git ls-files --stage -- /home/purush/github/os_setup/README.md
> git cat-file -s 21af21cae1588b2900eba51e35bcd5793e4fda9b
