[Info  - 09:52:44.847] Reading sessions from keychain...
[Info  - 09:52:44.848] Reading sessions from keychain...
[Info  - 09:52:44.864] Getting sessions for all scopes...
[Info  - 09:52:44.864] Getting sessions for all scopes...
[Info  - 09:52:44.877] Got 0 sessions for all scopes...
[Info  - 09:52:44.877] Got 0 sessions for all scopes...
[Info  - 09:52:49.109] Getting sessions for all scopes...
[Info  - 09:52:49.109] Getting sessions for all scopes...
[Info  - 09:52:49.109] Got 0 sessions for all scopes...
[Info  - 09:52:49.109] Got 0 sessions for all scopes...
[Info  - 09:52:51.295] Getting sessions for all scopes...
[Info  - 09:52:51.295] Got 0 sessions for all scopes...
[Info  - 09:52:52.696] Logging in for the following scopes: user:email
[Trace  - 09:53:06.697] Handling Uri...
[Info  - 09:53:06.697] Exchanging code for token...
[Info  - 09:53:07.661] Token exchange success!
[Info  - 09:53:07.662] Getting user info...
[Info  - 09:53:08.161] Got account info!
[Info  - 09:53:08.162] Storing 1 sessions...
[Info  - 09:53:08.256] Reading sessions from keychain...
[Info  - 09:53:08.257] Reading sessions from keychain...
[Info  - 09:53:08.258] Stored 1 sessions!
[Info  - 09:53:08.259] Login success!
[Info  - 09:53:08.273] Getting sessions for all scopes...
[Info  - 09:53:08.273] Getting sessions for all scopes...
[Trace  - 09:53:08.277] Token acquired from secret storage.
[Info  - 09:53:08.277] Got stored sessions!
[Trace  - 09:53:08.277] Read the following session from the keychain with the following scopes: user:email
[Info  - 09:53:08.278] Got 1 verified sessions.
[Info  - 09:53:08.279] Got 1 sessions for all scopes...
[Info  - 09:53:08.279] Got 1 sessions for all scopes...
[Info  - 09:53:16.186] Getting sessions for all scopes...
[Info  - 09:53:16.186] Getting sessions for all scopes...
[Info  - 09:53:16.186] Got 1 sessions for all scopes...
[Info  - 09:53:16.186] Got 0 sessions for all scopes...
[Info  - 09:53:31.701] Getting sessions for read:user...
[Info  - 09:53:31.702] Got 0 sessions for read:user...
[Info  - 09:54:36.990] Getting sessions for read:user,user:email...
[Info  - 09:54:37.90] Got 0 sessions for read:user,user:email...
[Info  - 09:54:37.815] Getting sessions for read:user...
[Info  - 09:54:37.815] Got 0 sessions for read:user...
[Info  - 09:54:40.161] Logging in for the following scopes: read:user
[Trace  - 09:54:54.840] Handling Uri...
[Info  - 09:54:54.840] Exchanging code for token...
[Info  - 09:54:56.96] Token exchange success!
[Info  - 09:54:56.99] Getting user info...
[Info  - 09:54:56.617] Got account info!
[Info  - 09:54:56.617] Storing 2 sessions...
[Info  - 09:54:56.829] Reading sessions from keychain...
[Info  - 09:54:56.829] Reading sessions from keychain...
[Info  - 09:54:56.829] Stored 2 sessions!
[Info  - 09:54:56.829] Login success!
[Trace  - 09:54:56.858] Token acquired from secret storage.
[Info  - 09:54:56.859] Got stored sessions!
[Trace  - 09:54:56.859] Read the following session from the keychain with the following scopes: user:email
[Trace  - 09:54:56.859] Read the following session from the keychain with the following scopes: read:user
[Info  - 09:54:56.859] Got 2 verified sessions.
[Info  - 09:54:56.859] Getting sessions for all scopes...
[Info  - 09:54:56.859] Got 2 sessions for all scopes...
[Info  - 09:54:56.860] Getting sessions for read:user,user:email...
[Info  - 09:54:56.860] Got 0 sessions for read:user,user:email...
